<?xml version="1.0" encoding="UTF-8"?>
<!-- Generated by org.testng.reporters.JUnitReportReporter -->
<testsuite hostname="CSHA" failures="0" tests="1" name="SeleniumTest" time="12.331" errors="0" timestamp="2024-03-09T20:03:13 IST" skipped="0">
  <testcase classname="SeleniumTest" name="testEasy" time="12.331"/>
</testsuite> <!-- SeleniumTest -->
